Arguments: 
  /usr/local/bin/node /usr/local/bin/yarn build

PATH: 
  /Users/mrooze/opt/anaconda3/condabin:/usr/local/bin:/usr/local/opt/bison/bin:/usr/local/sbin:/Users/mrooze/flutter/bin:/usr/local/opt/llvm/bin:/usr/local/opt/llvm/bin:/usr/local/opt/openldap/sbin:/usr/local/opt/openldap/bin:/usr/local/opt/openldap/sbin:/usr/local/opt/openldap/bin:/Users/mrooze/.yarn/bin:/Users/mrooze/.config/yarn/global/node_modules/.bin:/Users/mrooze/.cargo/bin:/usr/local/bin:/usr/bin:/bin:/usr/sbin:/sbin:/usr/local/go/bin:/opt/X11/bin:/Library/Apple/usr/bin:/Library/Frameworks/Mono.framework/Versions/Current/Commands:/Applications/Wireshark.app/Contents/MacOS:/Users/mrooze/Library/Android/sdk/tools/emulator:/Users/mrooze/Library/Android/sdk/tools

Yarn version: 
  1.22.10

Node version: 
  14.17.5

Platform: 
  darwin x64

Trace: 
  Invariant Violation: Script must exist
      at invariant (/usr/local/lib/node_modules/yarn/lib/cli.js:2314:15)
      at /usr/local/lib/node_modules/yarn/lib/cli.js:62387:11
      at Generator.next (<anonymous>)
      at step (/usr/local/lib/node_modules/yarn/lib/cli.js:310:30)
      at /usr/local/lib/node_modules/yarn/lib/cli.js:328:14
      at new Promise (<anonymous>)
      at new F (/usr/local/lib/node_modules/yarn/lib/cli.js:5301:28)
      at /usr/local/lib/node_modules/yarn/lib/cli.js:307:12
      at realRunCommand (/usr/local/lib/node_modules/yarn/lib/cli.js:62472:23)
      at action.action (/usr/local/lib/node_modules/yarn/lib/cli.js:62533:16)

npm manifest: 
  {
    "name": "z-toolkit",
    "version": "0.0.1",
    "description": "个人开发的小工具包",
    "scripts": {
      "install-local": "npm link .",
      "uninstall-local": "npm unlink .",
      "build": "",
      "publish": "npm run build && npm version minor && npm publish --access public"
    },
    "main": "index.js",
    "repository": "git@github.com:Mrooze-zeng/z-toolkit.git",
    "author": "Mrooze",
    "license": "MIT",
    "private": false
  }

yarn manifest: 
  No manifest

Lockfile: 
  # THIS IS AN AUTOGENERATED FILE. DO NOT EDIT THIS FILE DIRECTLY.
  # yarn lockfile v1
